[DEBUG] 2022-09-30 00:33:28.247 [main] logTest - This is a debug message
[INFO ] 2022-09-30 00:33:28.249 [main] logTest - This is a info message
[WARN ] 2022-09-30 00:33:28.249 [main] logTest - This is a warn message
[ERROR] 2022-09-30 00:33:28.249 [main] logTest - This is a error message
[FATAL] 2022-09-30 00:33:28.249 [main] logTest - This is a fatal message
[DEBUG] 2022-09-30 00:35:27.709 [main] logTest - This is a debug message
[INFO ] 2022-09-30 00:35:27.713 [main] logTest - This is a info message
[WARN ] 2022-09-30 00:35:27.714 [main] logTest - This is a warn message
[ERROR] 2022-09-30 00:35:27.714 [main] logTest - This is a error message
[FATAL] 2022-09-30 00:35:27.715 [main] logTest - This is a fatal message
[INFO ] 2022-09-30 12:06:00.978 [main] BaseTest - pass:usernameelement cleared
[INFO ] 2022-09-30 12:06:01.049 [main] BaseTest - text enterted in usernamefield
[INFO ] 2022-09-30 12:06:01.224 [main] BaseTest - pass:passwordelement cleared
[INFO ] 2022-09-30 12:06:01.377 [main] BaseTest - text enterted in passwordfield
[INFO ] 2022-09-30 12:06:04.661 [main] BaseTest - pass:Loginelement clicked
[INFO ] 2022-09-30 12:06:55.262 [main] BaseTest - pass:usernameelement cleared
[INFO ] 2022-09-30 12:06:55.460 [main] BaseTest - text enterted in usernamefield
[INFO ] 2022-09-30 12:06:55.688 [main] BaseTest - pass:passwordelement cleared
[INFO ] 2022-09-30 12:06:55.870 [main] BaseTest - text enterted in passwordfield
[INFO ] 2022-09-30 12:06:58.487 [main] BaseTest - pass:Loginelement clicked
[INFO ] 2022-09-30 12:08:01.037 [main] BaseTest - pass:usernameelement cleared
[INFO ] 2022-09-30 12:08:01.196 [main] BaseTest - text enterted in usernamefield
[INFO ] 2022-09-30 12:08:01.342 [main] BaseTest - pass:passwordelement cleared
[INFO ] 2022-09-30 12:08:01.562 [main] BaseTest - text enterted in passwordfield
[INFO ] 2022-09-30 12:08:04.313 [main] BaseTest - pass:Loginelement clicked
[INFO ] 2022-09-30 12:09:02.803 [main] BaseTest - pass:usernameelement cleared
[INFO ] 2022-09-30 12:09:02.967 [main] BaseTest - text enterted in usernamefield
[INFO ] 2022-09-30 12:09:03.066 [main] BaseTest - pass:passwordelement cleared
[INFO ] 2022-09-30 12:09:03.331 [main] BaseTest - text enterted in passwordfield
[INFO ] 2022-09-30 12:09:05.955 [main] BaseTest - pass:Loginelement clicked
[INFO ] 2022-09-30 12:09:42.983 [main] BaseTest - pass:usernameelement cleared
[INFO ] 2022-09-30 12:09:43.386 [main] BaseTest - text enterted in usernamefield
[INFO ] 2022-09-30 12:09:43.567 [main] BaseTest - pass:passwordelement cleared
[INFO ] 2022-09-30 12:09:43.677 [main] BaseTest - text enterted in passwordfield
[INFO ] 2022-09-30 12:09:46.426 [main] BaseTest - pass:Loginelement clicked
[INFO ] 2022-09-30 12:13:18.964 [main] BaseTest - pass:usernameelement cleared
[INFO ] 2022-09-30 12:13:19.128 [main] BaseTest - text enterted in usernamefield
[INFO ] 2022-09-30 12:13:19.296 [main] BaseTest - pass:passwordelement cleared
[INFO ] 2022-09-30 12:13:19.502 [main] BaseTest - text enterted in passwordfield
[INFO ] 2022-09-30 12:13:22.173 [main] BaseTest - pass:Loginelement clicked
[INFO ] 2022-09-30 12:16:10.959 [main] BaseTest - pass:usernameelement cleared
[INFO ] 2022-09-30 12:16:11.045 [main] BaseTest - text enterted in usernamefield
[INFO ] 2022-09-30 12:16:11.186 [main] BaseTest - pass:passwordelement cleared
[INFO ] 2022-09-30 12:16:11.422 [main] BaseTest - text enterted in passwordfield
[INFO ] 2022-09-30 12:16:11.519 [main] BaseTest - pass:Loginelement clicked
[INFO ] 2022-09-30 12:17:13.914 [main] BaseTest - pass:usernameelement cleared
[INFO ] 2022-09-30 12:17:14.112 [main] BaseTest - text enterted in usernamefield
[INFO ] 2022-09-30 12:17:14.274 [main] BaseTest - pass:passwordelement cleared
[INFO ] 2022-09-30 12:17:14.505 [main] BaseTest - text enterted in passwordfield
[INFO ] 2022-09-30 12:17:17.185 [main] BaseTest - pass:Loginelement clicked
[INFO ] 2022-09-30 12:19:25.579 [main] BaseTest - pass:usernameelement cleared
[INFO ] 2022-09-30 12:19:25.774 [main] BaseTest - text enterted in usernamefield
[INFO ] 2022-09-30 12:19:25.893 [main] BaseTest - pass:passwordelement cleared
[INFO ] 2022-09-30 12:19:26.140 [main] BaseTest - text enterted in passwordfield
[INFO ] 2022-09-30 12:19:28.802 [main] BaseTest - pass:Loginelement clicked
[INFO ] 2022-09-30 12:24:31.604 [main] BaseTest - pass:usernameelement cleared
[INFO ] 2022-09-30 12:24:31.671 [main] BaseTest - text enterted in usernamefield
[INFO ] 2022-09-30 12:24:31.791 [main] BaseTest - pass:passwordelement cleared
[INFO ] 2022-09-30 12:24:31.857 [main] BaseTest - text enterted in passwordfield
[INFO ] 2022-09-30 12:24:32.014 [main] BaseTest - pass:Loginelement clicked
[INFO ] 2022-09-30 12:29:14.325 [main] BaseTest - pass:usernameelement cleared
[INFO ] 2022-09-30 12:29:14.395 [main] BaseTest - text enterted in usernamefield
[INFO ] 2022-09-30 12:29:14.453 [main] BaseTest - pass:passwordelement cleared
[INFO ] 2022-09-30 12:29:14.578 [main] BaseTest - text enterted in passwordfield
[INFO ] 2022-09-30 12:29:17.293 [main] BaseTest - pass:Loginelement clicked
[INFO ] 2022-09-30 12:39:44.710 [main] BaseTest - pass:usernameelement cleared
[INFO ] 2022-09-30 12:39:44.778 [main] BaseTest - text enterted in usernamefield
[INFO ] 2022-09-30 12:39:44.835 [main] BaseTest - pass:passwordelement cleared
[INFO ] 2022-09-30 12:39:44.875 [main] BaseTest - text enterted in passwordfield
[INFO ] 2022-09-30 12:39:47.667 [main] BaseTest - pass:Loginelement clicked
[INFO ] 2022-09-30 13:40:59.123 [main] BaseTest - pass:usernameelement cleared
[INFO ] 2022-09-30 13:40:59.191 [main] BaseTest - text enterted in usernamefield
[INFO ] 2022-09-30 13:40:59.235 [main] BaseTest - pass:passwordelement cleared
[INFO ] 2022-09-30 13:40:59.335 [main] BaseTest - text enterted in passwordfield
[INFO ] 2022-09-30 13:40:59.384 [main] BaseTest - pass:Loginelement clicked
[INFO ] 2022-09-30 13:46:57.708 [main] BaseTest - pass:usernameelement cleared
[INFO ] 2022-09-30 13:46:57.774 [main] BaseTest - text enterted in usernamefield
[INFO ] 2022-09-30 13:46:57.837 [main] BaseTest - pass:passwordelement cleared
[INFO ] 2022-09-30 13:46:57.993 [main] BaseTest - text enterted in passwordfield
[INFO ] 2022-09-30 13:47:00.911 [main] BaseTest - pass:Loginelement clicked
[INFO ] 2022-09-30 13:50:38.726 [main] BaseTest - pass:usernameelement cleared
[INFO ] 2022-09-30 13:50:38.793 [main] BaseTest - text enterted in usernamefield
[INFO ] 2022-09-30 13:50:38.919 [main] BaseTest - pass:passwordelement cleared
[INFO ] 2022-09-30 13:50:39.011 [main] BaseTest - text enterted in passwordfield
[INFO ] 2022-09-30 13:50:39.193 [main] BaseTest - pass:Loginelement clicked
[INFO ] 2022-09-30 14:01:02.198 [main] BaseTest - pass:usernameelement cleared
[INFO ] 2022-09-30 14:01:02.260 [main] BaseTest - text enterted in usernamefield
[INFO ] 2022-09-30 14:01:02.318 [main] BaseTest - pass:passwordelement cleared
[INFO ] 2022-09-30 14:01:02.356 [main] BaseTest - text enterted in passwordfield
[INFO ] 2022-09-30 14:01:08.991 [main] BaseTest - pass:Loginelement clicked
[INFO ] 2022-09-30 14:06:21.264 [main] BaseTest - pass:usernameelement cleared
[INFO ] 2022-09-30 14:06:21.328 [main] BaseTest - text enterted in usernamefield
[INFO ] 2022-09-30 14:06:21.407 [main] BaseTest - pass:passwordelement cleared
[INFO ] 2022-09-30 14:06:21.524 [main] BaseTest - text enterted in passwordfield
[INFO ] 2022-09-30 14:06:24.355 [main] BaseTest - pass:Loginelement clicked
[INFO ] 2022-09-30 14:06:49.720 [main] BaseTest - pass:usernameelement cleared
[INFO ] 2022-09-30 14:06:49.793 [main] BaseTest - text enterted in usernamefield
[INFO ] 2022-09-30 14:06:49.849 [main] BaseTest - pass:passwordelement cleared
[INFO ] 2022-09-30 14:06:49.917 [main] BaseTest - text enterted in passwordfield
[INFO ] 2022-09-30 14:06:50.038 [main] BaseTest - pass:Loginelement clicked
[INFO ] 2022-09-30 14:26:27.856 [main] BaseTest - pass:usernameelement cleared
[INFO ] 2022-09-30 14:26:27.919 [main] BaseTest - text enterted in usernamefield
[INFO ] 2022-09-30 14:26:27.965 [main] BaseTest - pass:passwordelement cleared
[INFO ] 2022-09-30 14:26:28.015 [main] BaseTest - text enterted in passwordfield
[INFO ] 2022-09-30 14:26:28.130 [main] BaseTest - pass:Loginelement clicked
[INFO ] 2022-09-30 14:27:58.994 [main] BaseTest - pass:usernameelement cleared
[INFO ] 2022-09-30 14:27:59.060 [main] BaseTest - text enterted in usernamefield
[INFO ] 2022-09-30 14:27:59.128 [main] BaseTest - pass:passwordelement cleared
[INFO ] 2022-09-30 14:27:59.242 [main] BaseTest - text enterted in passwordfield
[INFO ] 2022-09-30 14:28:02.136 [main] BaseTest - pass:Loginelement clicked
[INFO ] 2022-09-30 14:30:22.348 [main] BaseTest - pass:usernameelement cleared
[INFO ] 2022-09-30 14:30:22.421 [main] BaseTest - text enterted in usernamefield
[INFO ] 2022-09-30 14:30:22.472 [main] BaseTest - pass:passwordelement cleared
[INFO ] 2022-09-30 14:30:22.527 [main] BaseTest - text enterted in passwordfield
[INFO ] 2022-09-30 14:30:25.262 [main] BaseTest - pass:Loginelement clicked
[INFO ] 2022-09-30 14:35:31.714 [main] BaseTest - pass:usernameelement cleared
[INFO ] 2022-09-30 14:35:31.796 [main] BaseTest - text enterted in usernamefield
[INFO ] 2022-09-30 14:35:31.923 [main] BaseTest - pass:passwordelement cleared
[INFO ] 2022-09-30 14:35:32.024 [main] BaseTest - text enterted in passwordfield
[INFO ] 2022-09-30 14:35:34.908 [main] BaseTest - pass:Loginelement clicked
[INFO ] 2022-09-30 14:40:27.392 [main] BaseTest - pass:usernameelement cleared
[INFO ] 2022-09-30 14:40:27.462 [main] BaseTest - text enterted in usernamefield
[INFO ] 2022-09-30 14:40:27.581 [main] BaseTest - pass:passwordelement cleared
[INFO ] 2022-09-30 14:40:27.646 [main] BaseTest - text enterted in passwordfield
[INFO ] 2022-09-30 14:40:27.844 [main] BaseTest - pass:Loginelement clicked
[INFO ] 2022-09-30 14:41:53.082 [main] BaseTest - pass:usernameelement cleared
[INFO ] 2022-09-30 14:41:53.155 [main] BaseTest - text enterted in usernamefield
[INFO ] 2022-09-30 14:41:53.213 [main] BaseTest - pass:passwordelement cleared
[INFO ] 2022-09-30 14:41:53.331 [main] BaseTest - text enterted in passwordfield
[INFO ] 2022-09-30 14:41:53.431 [main] BaseTest - pass:Loginelement clicked
[INFO ] 2022-09-30 15:11:39.650 [main] BaseTest - pass:usernameelement cleared
[INFO ] 2022-09-30 15:11:39.733 [main] BaseTest - text enterted in usernamefield
[INFO ] 2022-09-30 15:11:39.790 [main] BaseTest - pass:passwordelement cleared
[INFO ] 2022-09-30 15:11:39.907 [main] BaseTest - text enterted in passwordfield
[INFO ] 2022-09-30 15:11:39.992 [main] BaseTest - pass:Loginelement clicked
[INFO ] 2022-09-30 15:11:43.826 [main] BaseTest - pass:usernameelement cleared
[INFO ] 2022-09-30 15:11:43.848 [main] BaseTest - text enterted in usernamefield
[INFO ] 2022-09-30 15:11:43.889 [main] BaseTest - pass:passwordelement cleared
[INFO ] 2022-09-30 15:11:43.907 [main] BaseTest - text enterted in passwordfield
[INFO ] 2022-09-30 15:11:44.649 [main] BaseTest - pass:Remember meelement clicked
[INFO ] 2022-09-30 15:11:47.488 [main] BaseTest - pass:Loginelement clicked
[INFO ] 2022-09-30 15:11:50.003 [main] BaseTest - pass:element clicked
[INFO ] 2022-09-30 15:11:50.814 [main] BaseTest - pass:Logoutelement clicked
[ERROR] 2022-09-30 15:11:52.213 [main] BaseTest - fail:usernameelement not displayed
[INFO ] 2022-09-30 15:12:16.994 [main] BaseTest - pass:usernameelement cleared
[INFO ] 2022-09-30 15:12:17.062 [main] BaseTest - text enterted in usernamefield
[INFO ] 2022-09-30 15:12:17.114 [main] BaseTest - pass:passwordelement cleared
[INFO ] 2022-09-30 15:12:17.217 [main] BaseTest - text enterted in passwordfield
[INFO ] 2022-09-30 15:12:17.311 [main] BaseTest - pass:Loginelement clicked
[INFO ] 2022-09-30 15:12:19.037 [main] BaseTest - pass:usernameelement cleared
[INFO ] 2022-09-30 15:12:19.075 [main] BaseTest - text enterted in usernamefield
[INFO ] 2022-09-30 15:12:19.179 [main] BaseTest - pass:passwordelement cleared
[INFO ] 2022-09-30 15:12:19.265 [main] BaseTest - text enterted in passwordfield
[INFO ] 2022-09-30 15:12:19.652 [main] BaseTest - pass:Loginelement clicked
[INFO ] 2022-09-30 15:13:05.316 [main] BaseTest - pass:usernameelement cleared
[INFO ] 2022-09-30 15:13:05.391 [main] BaseTest - text enterted in usernamefield
[INFO ] 2022-09-30 15:13:05.502 [main] BaseTest - pass:passwordelement cleared
[INFO ] 2022-09-30 15:13:05.551 [main] BaseTest - text enterted in passwordfield
[INFO ] 2022-09-30 15:13:05.663 [main] BaseTest - pass:Loginelement clicked
[INFO ] 2022-09-30 15:13:07.296 [main] BaseTest - pass:usernameelement cleared
[INFO ] 2022-09-30 15:13:07.371 [main] BaseTest - text enterted in usernamefield
[INFO ] 2022-09-30 15:13:07.481 [main] BaseTest - pass:passwordelement cleared
[INFO ] 2022-09-30 15:13:07.550 [main] BaseTest - text enterted in passwordfield
[INFO ] 2022-09-30 15:13:07.761 [main] BaseTest - pass:Loginelement clicked
[INFO ] 2022-09-30 15:13:13.610 [main] BaseTest - pass:JOHNABCDelement clicked
[INFO ] 2022-09-30 15:13:13.988 [main] BaseTest - pass:Logoutelement clicked
[INFO ] 2022-09-30 15:13:15.803 [main] BaseTest - pass:usernameelement cleared
[INFO ] 2022-09-30 15:13:15.883 [main] BaseTest - text enterted in usernamefield
[INFO ] 2022-09-30 15:13:16.007 [main] BaseTest - pass:passwordelement cleared
[INFO ] 2022-09-30 15:13:16.088 [main] BaseTest - text enterted in passwordfield
[INFO ] 2022-09-30 15:13:18.487 [main] BaseTest - pass:Loginelement clicked
[INFO ] 2022-09-30 15:13:20.179 [main] BaseTest - pass:usernameelement cleared
[INFO ] 2022-09-30 15:13:20.250 [main] BaseTest - text enterted in usernamefield
[INFO ] 2022-09-30 15:13:20.395 [main] BaseTest - pass:passwordelement cleared
[INFO ] 2022-09-30 15:13:20.490 [main] BaseTest - text enterted in passwordfield
[INFO ] 2022-09-30 15:13:20.619 [main] BaseTest - pass:Loginelement clicked
[INFO ] 2022-09-30 15:13:30.848 [main] BaseTest - pass:Accountselement clicked
[INFO ] 2022-09-30 15:13:34.020 [main] BaseTest - pass:Accounts with last activity> 30 dayselement clicked
[INFO ] 2022-09-30 15:13:38.670 [main] BaseTest - pass:Created dateelement clicked
[INFO ] 2022-09-30 15:16:41.365 [main] BaseTest - pass:usernameelement cleared
[INFO ] 2022-09-30 15:16:41.436 [main] BaseTest - text enterted in usernamefield
[INFO ] 2022-09-30 15:16:41.551 [main] BaseTest - pass:passwordelement cleared
[INFO ] 2022-09-30 15:16:41.607 [main] BaseTest - text enterted in passwordfield
[INFO ] 2022-09-30 15:16:41.785 [main] BaseTest - pass:Loginelement clicked
[INFO ] 2022-09-30 15:18:23.635 [main] BaseTest - pass:usernameelement cleared
[INFO ] 2022-09-30 15:18:23.700 [main] BaseTest - text enterted in usernamefield
[INFO ] 2022-09-30 15:18:23.803 [main] BaseTest - pass:passwordelement cleared
[INFO ] 2022-09-30 15:18:23.872 [main] BaseTest - text enterted in passwordfield
[INFO ] 2022-09-30 15:18:24.017 [main] BaseTest - pass:Loginelement clicked
[INFO ] 2022-09-30 15:18:25.900 [main] BaseTest - pass:usernameelement cleared
[INFO ] 2022-09-30 15:18:25.955 [main] BaseTest - text enterted in usernamefield
[INFO ] 2022-09-30 15:18:27.366 [main] BaseTest - pass:element clicked
[INFO ] 2022-09-30 15:19:19.583 [main] BaseTest - pass:usernameelement cleared
[INFO ] 2022-09-30 15:19:19.650 [main] BaseTest - text enterted in usernamefield
[INFO ] 2022-09-30 15:19:19.694 [main] BaseTest - pass:passwordelement cleared
[INFO ] 2022-09-30 15:19:19.812 [main] BaseTest - text enterted in passwordfield
[INFO ] 2022-09-30 15:19:22.566 [main] BaseTest - pass:Loginelement clicked
[INFO ] 2022-09-30 15:19:24.393 [main] BaseTest - pass:usernameelement cleared
[INFO ] 2022-09-30 15:19:24.460 [main] BaseTest - text enterted in usernamefield
[INFO ] 2022-09-30 15:19:25.952 [main] BaseTest - pass:element clicked
[INFO ] 2022-09-30 15:20:15.143 [main] BaseTest - pass:usernameelement cleared
[INFO ] 2022-09-30 15:20:15.216 [main] BaseTest - text enterted in usernamefield
[INFO ] 2022-09-30 15:20:15.333 [main] BaseTest - pass:passwordelement cleared
[INFO ] 2022-09-30 15:20:15.399 [main] BaseTest - text enterted in passwordfield
[INFO ] 2022-09-30 15:20:15.478 [main] BaseTest - pass:Loginelement clicked
[INFO ] 2022-09-30 15:20:17.282 [main] BaseTest - pass:usernameelement cleared
[INFO ] 2022-09-30 15:20:17.335 [main] BaseTest - text enterted in usernamefield
[INFO ] 2022-09-30 15:20:18.792 [main] BaseTest - pass:element clicked
[INFO ] 2022-09-30 21:19:28.188 [main] BaseTest - pass:usernameelement cleared
[INFO ] 2022-09-30 21:19:28.255 [main] BaseTest - text enterted in usernamefield
[INFO ] 2022-09-30 21:19:28.307 [main] BaseTest - pass:passwordelement cleared
[INFO ] 2022-09-30 21:19:28.364 [main] BaseTest - text enterted in passwordfield
[INFO ] 2022-09-30 21:19:31.611 [main] BaseTest - pass:Loginelement clicked
[INFO ] 2022-09-30 21:22:22.593 [main] BaseTest - pass:usernameelement cleared
[INFO ] 2022-09-30 21:22:22.659 [main] BaseTest - text enterted in usernamefield
[INFO ] 2022-09-30 21:22:22.779 [main] BaseTest - pass:passwordelement cleared
[INFO ] 2022-09-30 21:22:22.863 [main] BaseTest - text enterted in passwordfield
[INFO ] 2022-09-30 21:22:23.027 [main] BaseTest - pass:Loginelement clicked
[INFO ] 2022-09-30 23:26:39.620 [main] BaseTest - pass:usernameelement cleared
[INFO ] 2022-09-30 23:26:39.702 [main] BaseTest - text enterted in usernamefield
[INFO ] 2022-09-30 23:26:39.826 [main] BaseTest - pass:passwordelement cleared
[INFO ] 2022-09-30 23:26:39.914 [main] BaseTest - text enterted in passwordfield
[INFO ] 2022-09-30 23:26:40.056 [main] BaseTest - pass:Loginelement clicked
[INFO ] 2022-09-30 23:27:53.542 [main] BaseTest - pass:usernameelement cleared
[INFO ] 2022-09-30 23:27:53.637 [main] BaseTest - text enterted in usernamefield
[INFO ] 2022-09-30 23:27:53.803 [main] BaseTest - pass:passwordelement cleared
[INFO ] 2022-09-30 23:27:53.897 [main] BaseTest - text enterted in passwordfield
[INFO ] 2022-09-30 23:27:56.606 [main] BaseTest - pass:Loginelement clicked
[INFO ] 2022-09-30 23:29:19.598 [main] BaseTest - pass:usernameelement cleared
[INFO ] 2022-09-30 23:29:19.673 [main] BaseTest - text enterted in usernamefield
[INFO ] 2022-09-30 23:29:19.805 [main] BaseTest - pass:passwordelement cleared
[INFO ] 2022-09-30 23:29:19.887 [main] BaseTest - text enterted in passwordfield
[INFO ] 2022-09-30 23:29:20.050 [main] BaseTest - pass:Loginelement clicked
